 
****************************************
Report : area
Design : LCD_CTRL
Version: S-2021.06-SP2
Date   : Fri Feb 11 17:22:09 2022
****************************************

Library(s) Used:

    slow (File: /usr/cad/designkit/CBDK_IC_Contest_v2.5/SynopsysDC/db/slow.db)

Number of ports:                          129
Number of nets:                         16296
Number of cells:                        15657
Number of combinational cells:          15112
Number of sequential cells:               538
Number of macros/black boxes:               0
Number of buf/inv:                       2524
Number of references:                     160

Combinational area:             154297.052006
Buf/Inv area:                    18628.964817
Noncombinational area:           17423.810452
Macro/Black Box area:                0.000000
Net Interconnect area:         2670886.544922

Total cell area:                171720.862458
Total area:                    2842607.407380
1
